TN:
SF:C:\Users\Peter\Documents\Bachelor\javascript-forge-cryptoexamples\src\allinone\ExampleAsymmetricStringEncryption.js
FN:27,(anonymous_0)
FNF:1
FNH:1
FNDA:2,(anonymous_0)
DA:11,1
DA:12,1
DA:14,1
DA:27,1
DA:28,2
DA:31,2
DA:35,2
DA:38,2
DA:39,2
DA:44,2
DA:47,2
DA:52,0
DA:56,1
DA:59,1
LF:14
LH:13
BRDA:49,0,0,2
BRDA:49,0,1,0
BRF:2
BRH:1
end_of_record
TN:
SF:C:\Users\Peter\Documents\Bachelor\javascript-forge-cryptoexamples\src\allinone\ExampleFileEncryption.js
FN:29,(anonymous_0)
FN:49,(anonymous_1)
FN:65,(anonymous_2)
FN:80,(anonymous_3)
FNF:4
FNH:4
FNDA:2,(anonymous_0)
FNDA:2,(anonymous_1)
FNDA:2,(anonymous_2)
FNDA:2,(anonymous_3)
DA:12,1
DA:13,1
DA:14,1
DA:16,1
DA:29,1
DA:30,2
DA:33,2
DA:34,2
DA:35,2
DA:40,2
DA:41,2
DA:44,2
DA:49,2
DA:50,2
DA:53,2
DA:54,2
DA:56,2
DA:57,2
DA:58,2
DA:59,2
DA:60,2
DA:62,2
DA:65,2
DA:67,2
DA:68,2
DA:73,2
DA:74,2
DA:75,2
DA:76,2
DA:78,2
DA:80,2
DA:81,2
DA:89,0
DA:93,1
DA:96,1
LF:35
LH:34
BRDA:34,0,0,2
BRDA:34,0,1,0
BRDA:83,1,0,2
BRDA:83,1,1,0
BRF:4
BRH:2
end_of_record
TN:
SF:C:\Users\Peter\Documents\Bachelor\javascript-forge-cryptoexamples\src\allinone\ExampleHash.js
FN:27,(anonymous_0)
FNF:1
FNH:1
FNDA:2,(anonymous_0)
DA:11,1
DA:12,1
DA:14,1
DA:27,1
DA:28,2
DA:31,2
DA:33,2
DA:35,2
DA:37,2
DA:38,2
DA:40,2
DA:42,2
DA:44,0
DA:48,1
DA:51,1
LF:15
LH:14
BRF:0
BRH:0
end_of_record
TN:
SF:C:\Users\Peter\Documents\Bachelor\javascript-forge-cryptoexamples\src\allinone\ExampleSignature.js
FN:28,(anonymous_0)
FNF:1
FNH:1
FNDA:2,(anonymous_0)
DA:12,1
DA:13,1
DA:15,1
DA:28,1
DA:29,2
DA:32,2
DA:35,2
DA:36,2
DA:39,2
DA:47,2
DA:54,2
DA:56,0
DA:60,1
DA:63,1
LF:14
LH:13
BRF:0
BRH:0
end_of_record
TN:
SF:C:\Users\Peter\Documents\Bachelor\javascript-forge-cryptoexamples\src\allinone\ExampleStringEncryptionKeyBased.js
FN:26,(anonymous_0)
FNF:1
FNH:1
FNDA:2,(anonymous_0)
DA:11,1
DA:12,1
DA:14,1
DA:26,1
DA:27,2
DA:30,2
DA:34,2
DA:35,2
DA:36,2
DA:39,2
DA:42,2
DA:43,2
DA:44,2
DA:45,2
DA:46,2
DA:47,2
DA:50,2
DA:51,2
DA:55,2
DA:56,2
DA:57,2
DA:58,2
DA:63,0
DA:67,1
DA:70,1
LF:25
LH:24
BRDA:35,0,0,2
BRDA:35,0,1,0
BRDA:60,1,0,2
BRDA:60,1,1,0
BRF:4
BRH:2
end_of_record
TN:
SF:C:\Users\Peter\Documents\Bachelor\javascript-forge-cryptoexamples\src\allinone\ExampleStringEncryptionPasswordBased.js
FN:28,(anonymous_0)
FNF:1
FNH:1
FNDA:2,(anonymous_0)
DA:12,1
DA:13,1
DA:15,1
DA:28,1
DA:29,2
DA:32,2
DA:36,2
DA:37,2
DA:38,2
DA:43,2
DA:44,2
DA:47,2
DA:50,2
DA:51,2
DA:52,2
DA:53,2
DA:54,2
DA:55,2
DA:58,2
DA:59,2
DA:63,2
DA:64,2
DA:65,2
DA:67,2
DA:72,0
DA:76,1
DA:78,1
LF:27
LH:26
BRDA:37,0,0,2
BRDA:37,0,1,0
BRDA:69,1,0,2
BRDA:69,1,1,0
BRF:4
BRH:2
end_of_record
TN:
SF:C:\Users\Peter\Documents\Bachelor\javascript-forge-cryptoexamples\src\objectOriented\ExampleAsymmetricStringEncryption.js
FN:34,(anonymous_0)
FN:46,(anonymous_1)
FNF:2
FNH:2
FNDA:4,(anonymous_0)
FNDA:3,(anonymous_1)
DA:10,1
DA:11,1
DA:14,1
DA:34,1
DA:35,4
DA:36,4
DA:37,4
DA:46,1
DA:47,3
DA:51,3
DA:52,3
DA:56,1
DA:58,1
DA:62,1
DA:64,1
DA:66,1
DA:67,1
DA:72,0
DA:76,1
LF:19
LH:18
BRDA:69,0,0,1
BRDA:69,0,1,0
BRF:2
BRH:1
end_of_record
TN:
SF:C:\Users\Peter\Documents\Bachelor\javascript-forge-cryptoexamples\src\objectOriented\ExampleFileEncryption.js
FN:36,(anonymous_0)
FN:51,(anonymous_1)
FN:74,(anonymous_2)
FNF:3
FNH:3
FNDA:1,(anonymous_0)
FNDA:1,(anonymous_1)
FNDA:1,(anonymous_2)
DA:12,1
DA:13,1
DA:14,1
DA:17,1
DA:36,1
DA:37,1
DA:38,1
DA:39,1
DA:51,1
DA:53,1
DA:54,1
DA:56,1
DA:57,1
DA:58,1
DA:59,1
DA:61,1
DA:62,1
DA:74,1
DA:75,1
DA:76,1
DA:78,1
DA:79,1
DA:80,1
DA:81,1
DA:83,1
DA:84,1
DA:88,1
DA:91,1
DA:92,1
DA:93,1
DA:97,1
DA:99,1
DA:101,1
DA:103,1
DA:104,1
DA:106,1
DA:107,1
DA:109,1
DA:114,0
DA:117,1
LF:40
LH:39
BRDA:92,0,0,1
BRDA:92,0,1,0
BRDA:111,1,0,1
BRDA:111,1,1,0
BRF:4
BRH:2
end_of_record
TN:
SF:C:\Users\Peter\Documents\Bachelor\javascript-forge-cryptoexamples\src\objectOriented\ExampleHash.js
FN:32,(anonymous_0)
FNF:1
FNH:1
FNDA:2,(anonymous_0)
DA:10,1
DA:11,1
DA:14,1
DA:32,1
DA:34,2
DA:36,2
DA:37,8
DA:40,2
DA:41,2
DA:42,2
DA:46,1
DA:49,1
DA:51,1
DA:53,1
DA:55,0
DA:59,1
LF:16
LH:15
BRF:0
BRH:0
end_of_record
TN:
SF:C:\Users\Peter\Documents\Bachelor\javascript-forge-cryptoexamples\src\objectOriented\ExampleStringEncryptionKeyBased.js
FN:34,(anonymous_0)
FN:50,(anonymous_1)
FNF:2
FNH:2
FNDA:4,(anonymous_0)
FNDA:4,(anonymous_1)
DA:10,1
DA:11,1
DA:14,1
DA:34,1
DA:35,4
DA:36,4
DA:37,3
DA:38,3
DA:39,3
DA:40,3
DA:50,1
DA:51,4
DA:52,4
DA:53,3
DA:56,3
DA:57,3
DA:58,3
DA:64,1
DA:68,1
DA:69,1
DA:70,1
DA:73,1
DA:75,1
DA:77,1
DA:79,1
DA:85,1
LF:26
LH:26
BRDA:69,0,0,1
BRDA:69,0,1,0
BRDA:81,1,0,1
BRDA:81,1,1,0
BRF:4
BRH:2
end_of_record
TN:
SF:C:\Users\Peter\Documents\Bachelor\javascript-forge-cryptoexamples\src\objectOriented\ExampleStringEncryptionPasswordBased.js
FN:33,(anonymous_0)
FN:46,(anonymous_1)
FN:62,(anonymous_2)
FNF:3
FNH:3
FNDA:2,(anonymous_0)
FNDA:4,(anonymous_1)
FNDA:4,(anonymous_2)
DA:10,1
DA:11,1
DA:14,1
DA:33,1
DA:34,2
DA:35,2
DA:36,2
DA:46,1
DA:47,4
DA:48,4
DA:49,3
DA:50,3
DA:51,3
DA:52,3
DA:62,1
DA:63,4
DA:64,4
DA:65,3
DA:68,3
DA:69,3
DA:70,3
DA:74,1
DA:76,1
DA:79,1
DA:80,1
DA:81,1
DA:86,1
DA:88,1
DA:90,1
DA:92,1
DA:94,1
DA:99,0
DA:103,1
LF:33
LH:32
BRDA:80,0,0,1
BRDA:80,0,1,0
BRDA:96,1,0,1
BRDA:96,1,1,0
BRF:4
BRH:2
end_of_record
