TN:
SF:C:\Users\Peter\Documents\Bachelor\javascript-forge-cryptoexamples\src\allinone\ExampleAsymmetricStringEncryption.js
FN:27,(anonymous_0)
FNF:1
FNH:1
FNDA:1,(anonymous_0)
DA:11,1
DA:12,1
DA:14,1
DA:27,1
DA:28,1
DA:31,1
DA:35,1
DA:38,1
DA:39,1
DA:44,1
DA:47,1
DA:52,0
DA:56,1
DA:59,1
LF:14
LH:13
BRDA:49,0,0,1
BRDA:49,0,1,0
BRF:2
BRH:1
end_of_record
TN:
SF:C:\Users\Peter\Documents\Bachelor\javascript-forge-cryptoexamples\src\allinone\ExampleFileEncryption.js
FN:29,(anonymous_0)
FNF:1
FNH:1
FNDA:1,(anonymous_0)
DA:12,1
DA:13,1
DA:14,1
DA:16,1
DA:29,1
DA:30,1
DA:33,1
DA:34,1
DA:35,1
DA:40,1
DA:41,1
DA:44,1
DA:47,1
DA:48,0
DA:49,0
DA:51,0
DA:52,0
DA:53,0
DA:54,0
DA:55,0
DA:57,0
DA:60,0
DA:62,0
DA:63,0
DA:68,0
DA:69,0
DA:70,0
DA:71,0
DA:73,0
DA:75,0
DA:76,0
DA:81,1
DA:85,1
DA:88,1
LF:34
LH:16
BRDA:34,0,0,1
BRDA:34,0,1,0
BRDA:78,1,0,0
BRDA:78,1,1,0
BRF:4
BRH:1
end_of_record
TN:
SF:C:\Users\Peter\Documents\Bachelor\javascript-forge-cryptoexamples\src\allinone\ExampleHash.js
FN:27,(anonymous_0)
FNF:1
FNH:1
FNDA:1,(anonymous_0)
DA:11,1
DA:12,1
DA:14,1
DA:27,1
DA:28,1
DA:31,1
DA:33,1
DA:35,1
DA:37,1
DA:38,1
DA:40,1
DA:42,1
DA:44,0
DA:48,1
DA:51,1
LF:15
LH:14
BRF:0
BRH:0
end_of_record
TN:
SF:C:\Users\Peter\Documents\Bachelor\javascript-forge-cryptoexamples\src\allinone\ExampleSignature.js
FN:28,(anonymous_0)
FNF:1
FNH:1
FNDA:1,(anonymous_0)
DA:12,1
DA:13,1
DA:15,1
DA:28,1
DA:29,1
DA:32,1
DA:35,1
DA:36,1
DA:39,1
DA:47,1
DA:54,1
DA:56,0
DA:60,1
DA:63,1
LF:14
LH:13
BRF:0
BRH:0
end_of_record
TN:
SF:C:\Users\Peter\Documents\Bachelor\javascript-forge-cryptoexamples\src\allinone\ExampleStringEncryptionKeyBased.js
FN:26,(anonymous_0)
FNF:1
FNH:1
FNDA:1,(anonymous_0)
DA:11,1
DA:12,1
DA:14,1
DA:26,1
DA:27,1
DA:30,1
DA:34,1
DA:35,1
DA:36,1
DA:39,1
DA:42,1
DA:43,1
DA:44,1
DA:45,1
DA:46,1
DA:47,1
DA:50,1
DA:51,1
DA:55,1
DA:56,1
DA:57,1
DA:58,1
DA:63,0
DA:67,1
DA:70,1
LF:25
LH:24
BRDA:35,0,0,1
BRDA:35,0,1,0
BRDA:60,1,0,1
BRDA:60,1,1,0
BRF:4
BRH:2
end_of_record
TN:
SF:C:\Users\Peter\Documents\Bachelor\javascript-forge-cryptoexamples\src\allinone\ExampleStringEncryptionPasswordBased.js
FN:28,(anonymous_0)
FNF:1
FNH:1
FNDA:1,(anonymous_0)
DA:12,1
DA:13,1
DA:15,1
DA:28,1
DA:29,1
DA:32,1
DA:36,1
DA:37,1
DA:38,1
DA:43,1
DA:44,1
DA:47,1
DA:50,1
DA:51,1
DA:52,1
DA:53,1
DA:54,1
DA:55,1
DA:58,1
DA:59,1
DA:63,1
DA:64,1
DA:65,1
DA:67,1
DA:72,0
DA:76,1
DA:78,1
LF:27
LH:26
BRDA:37,0,0,1
BRDA:37,0,1,0
BRDA:69,1,0,1
BRDA:69,1,1,0
BRF:4
BRH:2
end_of_record
TN:
SF:C:\Users\Peter\Documents\Bachelor\javascript-forge-cryptoexamples\src\objectOriented\ExampleAsymmetricStringEncryption.js
FN:34,(anonymous_0)
FN:46,(anonymous_1)
FNF:2
FNH:2
FNDA:1,(anonymous_0)
FNDA:1,(anonymous_1)
DA:10,1
DA:11,1
DA:14,1
DA:34,1
DA:35,1
DA:36,1
DA:37,1
DA:46,1
DA:47,1
DA:51,1
DA:52,1
DA:56,1
DA:58,1
DA:62,1
DA:64,1
DA:66,1
DA:67,1
DA:72,0
DA:76,1
LF:19
LH:18
BRDA:69,0,0,1
BRDA:69,0,1,0
BRF:2
BRH:1
end_of_record
TN:
SF:C:\Users\Peter\Documents\Bachelor\javascript-forge-cryptoexamples\src\objectOriented\ExampleFileEncryption.js
FN:36,(anonymous_0)
FN:51,(anonymous_1)
FN:74,(anonymous_2)
FNF:3
FNH:1
FNDA:1,(anonymous_0)
FNDA:0,(anonymous_1)
FNDA:0,(anonymous_2)
DA:12,1
DA:13,1
DA:14,1
DA:17,1
DA:36,1
DA:37,1
DA:38,1
DA:39,1
DA:51,1
DA:53,0
DA:54,0
DA:56,0
DA:57,0
DA:58,0
DA:59,0
DA:61,0
DA:62,0
DA:74,1
DA:75,0
DA:76,0
DA:78,0
DA:79,0
DA:80,0
DA:81,0
DA:83,0
DA:84,0
DA:88,1
DA:91,1
DA:92,1
DA:93,1
DA:97,1
DA:99,1
DA:101,1
DA:103,0
DA:104,0
DA:106,0
DA:107,0
DA:109,0
DA:114,1
DA:117,1
LF:40
LH:19
BRDA:92,0,0,1
BRDA:92,0,1,0
BRDA:111,1,0,0
BRDA:111,1,1,0
BRF:4
BRH:1
end_of_record
